SF:lib\modules\login\domain\entities\logged_user.dart
DA:6,2
LF:1
LH:1
end_of_record
SF:lib\modules\login\domain\entities\login_credential.dart
DA:15,2
DA:18,3
DA:20,2
DA:21,2
DA:22,6
DA:23,8
DA:25,1
DA:26,1
DA:27,3
DA:28,4
DA:30,0
DA:32,0
DA:33,0
DA:35,1
DA:37,1
DA:40,1
DA:42,1
DA:45,0
DA:47,0
LF:19
LH:14
end_of_record
SF:lib\modules\login\domain\entities\login_credential.g.dart
DA:9,0
DA:10,0
DA:11,0
DA:12,0
DA:13,0
DA:14,0
DA:15,0
DA:18,0
DA:19,0
DA:20,0
DA:21,0
DA:22,0
DA:23,0
DA:24,0
LF:14
LH:0
end_of_record
SF:lib\modules\login\domain\errors\errors.dart
DA:9,0
DA:16,1
DA:23,1
LF:3
LH:2
end_of_record
SF:lib\modules\login\domain\usecases\Login_with_phone.dart
DA:14,0
DA:16,0
DA:19,0
DA:20,0
DA:23,0
DA:24,0
DA:27,0
DA:28,0
DA:29,0
LF:9
LH:0
end_of_record
SF:lib\modules\login\domain\usecases\login_with_email.dart
DA:14,0
DA:16,0
DA:19,0
DA:20,0
DA:23,0
DA:24,0
DA:28,0
DA:29,0
DA:30,0
LF:9
LH:0
end_of_record
